<?xml version="1.0" encoding="UTF-8"?>
<testsuites>
  <testsuite name="manuelblanch Test Suite" tests="18" assertions="5" failures="0" errors="17" time="0.612191">
    <testsuite name="Tests\AcachaAdminLTELaravelTest" file="/home/manuel/Code/scool/inventory_test/tests/AcachaAdminLTELaravelTest.php" tests="17" assertions="0" failures="0" errors="17" time="0.611812">
      <testcase name="testLandingPage" class="Tests\AcachaAdminLTELaravelTest" file="/home/manuel/Code/scool/inventory_test/tests/AcachaAdminLTELaravelTest.php" line="39" assertions="0" time="0.136180">
        <error type="PHPUnit_Framework_ExceptionWrapper">Tests\AcachaAdminLTELaravelTest::testLandingPage
Illuminate\Database\QueryException: SQLSTATE[42S01]: Base table or view already exists: 1050 Table 'inventories' already exists (SQL: create table `inventories` (`id` int unsigned not null auto_increment primary key, `public_id` int not null, `name` varchar(80) not null, `description` varchar(120) not null, `material_type_id` int unsigned not null, `brand_id` int unsigned not null, `model_id` int unsigned not null, `location_id` int unsigned not null, `quantity` int not null, `price` double not null, `moneysourceId` int unsigned not null, `provider_id` int unsigned not null, `date_entrance` date not null, `last_update` date not null, `picture` varchar(60) not null, `created_at` timestamp null, `updated_at` timestamp null, `deleted_at` timestamp null) default character set utf8 collate utf8_unicode_ci)

/home/manuel/Code/scool/inventory_test/vendor/laravel/framework/src/Illuminate/Database/Connection.php:647
/home/manuel/Code/scool/inventory_test/vendor/laravel/framework/src/Illuminate/Database/Connection.php:607
/home/manuel/Code/scool/inventory_test/vendor/laravel/framework/src/Illuminate/Database/Connection.php:450
/home/manuel/Code/scool/inventory_test/vendor/laravel/framework/src/Illuminate/Database/Schema/Blueprint.php:83
/home/manuel/Code/scool/inventory_test/vendor/laravel/framework/src/Illuminate/Database/Schema/Builder.php:239
/home/manuel/Code/scool/inventory_test/vendor/laravel/framework/src/Illuminate/Database/Schema/Builder.php:164
/home/manuel/Code/scool/inventory_test/vendor/laravel/framework/src/Illuminate/Support/Facades/Facade.php:221
/home/manuel/Code/scool/inventory_test/database/migrations/2017_06_01_175449_create_migrations_table.php:34
/home/manuel/Code/scool/inventory_test/vendor/laravel/framework/src/Illuminate/Database/Migrations/Migrator.php:353
/home/manuel/Code/scool/inventory_test/vendor/laravel/framework/src/Illuminate/Database/Migrations/Migrator.php:359
/home/manuel/Code/scool/inventory_test/vendor/laravel/framework/src/Illuminate/Database/Migrations/Migrator.php:177
/home/manuel/Code/scool/inventory_test/vendor/laravel/framework/src/Illuminate/Database/Migrations/Migrator.php:146
/home/manuel/Code/scool/inventory_test/vendor/laravel/framework/src/Illuminate/Database/Migrations/Migrator.php:95
/home/manuel/Code/scool/inventory_test/vendor/laravel/framework/src/Illuminate/Database/Console/Migrations/MigrateCommand.php:69
/home/manuel/Code/scool/inventory_test/vendor/laravel/framework/src/Illuminate/Container/BoundMethod.php:29
/home/manuel/Code/scool/inventory_test/vendor/laravel/framework/src/Illuminate/Container/BoundMethod.php:87
/home/manuel/Code/scool/inventory_test/vendor/laravel/framework/src/Illuminate/Container/BoundMethod.php:31
/home/manuel/Code/scool/inventory_test/vendor/laravel/framework/src/Illuminate/Container/Container.php:539
/home/manuel/Code/scool/inventory_test/vendor/laravel/framework/src/Illuminate/Console/Command.php:182
/home/manuel/Code/scool/inventory_test/vendor/symfony/console/Command/Command.php:264
/home/manuel/Code/scool/inventory_test/vendor/laravel/framework/src/Illuminate/Console/Command.php:167
/home/manuel/Code/scool/inventory_test/vendor/symfony/console/Application.php:869
/home/manuel/Code/scool/inventory_test/vendor/symfony/console/Application.php:223
/home/manuel/Code/scool/inventory_test/vendor/symfony/console/Application.php:130
/home/manuel/Code/scool/inventory_test/vendor/laravel/framework/src/Illuminate/Console/Application.php:141
/home/manuel/Code/scool/inventory_test/vendor/laravel/framework/src/Illuminate/Foundation/Console/Kernel.php:220
/home/manuel/Code/scool/inventory_test/vendor/laravel/browser-kit-testing/src/Concerns/InteractsWithConsole.php:25
/home/manuel/Code/scool/inventory_test/vendor/laravel/framework/src/Illuminate/Foundation/Testing/DatabaseMigrations.php:16
/home/manuel/Code/scool/inventory_test/vendor/laravel/browser-kit-testing/src/TestCase.php:108
/home/manuel/Code/scool/inventory_test/vendor/laravel/browser-kit-testing/src/TestCase.php:73
/home/manuel/Code/scool/inventory_test/tests/AcachaAdminLTELaravelTest.php:22
</error>
        <system-out>
</system-out>
      </testcase>
      <testcase name="testLandingPageWithUserLogged" class="Tests\AcachaAdminLTELaravelTest" file="/home/manuel/Code/scool/inventory_test/tests/AcachaAdminLTELaravelTest.php" line="52" assertions="0" time="0.036629">
        <error type="PHPUnit_Framework_ExceptionWrapper">Tests\AcachaAdminLTELaravelTest::testLandingPageWithUserLogged
Illuminate\Database\QueryException: SQLSTATE[42S01]: Base table or view already exists: 1050 Table 'inventories' already exists (SQL: create table `inventories` (`id` int unsigned not null auto_increment primary key, `public_id` int not null, `name` varchar(80) not null, `description` varchar(120) not null, `material_type_id` int unsigned not null, `brand_id` int unsigned not null, `model_id` int unsigned not null, `location_id` int unsigned not null, `quantity` int not null, `price` double not null, `moneysourceId` int unsigned not null, `provider_id` int unsigned not null, `date_entrance` date not null, `last_update` date not null, `picture` varchar(60) not null, `created_at` timestamp null, `updated_at` timestamp null, `deleted_at` timestamp null) default character set utf8 collate utf8_unicode_ci)

/home/manuel/Code/scool/inventory_test/vendor/laravel/framework/src/Illuminate/Database/Connection.php:647
/home/manuel/Code/scool/inventory_test/vendor/laravel/framework/src/Illuminate/Database/Connection.php:607
/home/manuel/Code/scool/inventory_test/vendor/laravel/framework/src/Illuminate/Database/Connection.php:450
/home/manuel/Code/scool/inventory_test/vendor/laravel/framework/src/Illuminate/Database/Schema/Blueprint.php:83
/home/manuel/Code/scool/inventory_test/vendor/laravel/framework/src/Illuminate/Database/Schema/Builder.php:239
/home/manuel/Code/scool/inventory_test/vendor/laravel/framework/src/Illuminate/Database/Schema/Builder.php:164
/home/manuel/Code/scool/inventory_test/vendor/laravel/framework/src/Illuminate/Support/Facades/Facade.php:221
/home/manuel/Code/scool/inventory_test/database/migrations/2017_06_01_175449_create_migrations_table.php:34
/home/manuel/Code/scool/inventory_test/vendor/laravel/framework/src/Illuminate/Database/Migrations/Migrator.php:353
/home/manuel/Code/scool/inventory_test/vendor/laravel/framework/src/Illuminate/Database/Migrations/Migrator.php:359
/home/manuel/Code/scool/inventory_test/vendor/laravel/framework/src/Illuminate/Database/Migrations/Migrator.php:177
/home/manuel/Code/scool/inventory_test/vendor/laravel/framework/src/Illuminate/Database/Migrations/Migrator.php:146
/home/manuel/Code/scool/inventory_test/vendor/laravel/framework/src/Illuminate/Database/Migrations/Migrator.php:95
/home/manuel/Code/scool/inventory_test/vendor/laravel/framework/src/Illuminate/Database/Console/Migrations/MigrateCommand.php:69
/home/manuel/Code/scool/inventory_test/vendor/laravel/framework/src/Illuminate/Container/BoundMethod.php:29
/home/manuel/Code/scool/inventory_test/vendor/laravel/framework/src/Illuminate/Container/BoundMethod.php:87
/home/manuel/Code/scool/inventory_test/vendor/laravel/framework/src/Illuminate/Container/BoundMethod.php:31
/home/manuel/Code/scool/inventory_test/vendor/laravel/framework/src/Illuminate/Container/Container.php:539
/home/manuel/Code/scool/inventory_test/vendor/laravel/framework/src/Illuminate/Console/Command.php:182
/home/manuel/Code/scool/inventory_test/vendor/symfony/console/Command/Command.php:264
/home/manuel/Code/scool/inventory_test/vendor/laravel/framework/src/Illuminate/Console/Command.php:167
/home/manuel/Code/scool/inventory_test/vendor/symfony/console/Application.php:869
/home/manuel/Code/scool/inventory_test/vendor/symfony/console/Application.php:223
/home/manuel/Code/scool/inventory_test/vendor/symfony/console/Application.php:130
/home/manuel/Code/scool/inventory_test/vendor/laravel/framework/src/Illuminate/Console/Application.php:141
/home/manuel/Code/scool/inventory_test/vendor/laravel/framework/src/Illuminate/Foundation/Console/Kernel.php:220
/home/manuel/Code/scool/inventory_test/vendor/laravel/browser-kit-testing/src/Concerns/InteractsWithConsole.php:25
/home/manuel/Code/scool/inventory_test/vendor/laravel/framework/src/Illuminate/Foundation/Testing/DatabaseMigrations.php:16
/home/manuel/Code/scool/inventory_test/vendor/laravel/browser-kit-testing/src/TestCase.php:108
/home/manuel/Code/scool/inventory_test/vendor/laravel/browser-kit-testing/src/TestCase.php:73
/home/manuel/Code/scool/inventory_test/tests/AcachaAdminLTELaravelTest.php:22
</error>
        <system-out>
</system-out>
      </testcase>
      <testcase name="testLoginPage" class="Tests\AcachaAdminLTELaravelTest" file="/home/manuel/Code/scool/inventory_test/tests/AcachaAdminLTELaravelTest.php" line="69" assertions="0" time="0.026271">
        <error type="PHPUnit_Framework_ExceptionWrapper">Tests\AcachaAdminLTELaravelTest::testLoginPage
Illuminate\Database\QueryException: SQLSTATE[42S01]: Base table or view already exists: 1050 Table 'inventories' already exists (SQL: create table `inventories` (`id` int unsigned not null auto_increment primary key, `public_id` int not null, `name` varchar(80) not null, `description` varchar(120) not null, `material_type_id` int unsigned not null, `brand_id` int unsigned not null, `model_id` int unsigned not null, `location_id` int unsigned not null, `quantity` int not null, `price` double not null, `moneysourceId` int unsigned not null, `provider_id` int unsigned not null, `date_entrance` date not null, `last_update` date not null, `picture` varchar(60) not null, `created_at` timestamp null, `updated_at` timestamp null, `deleted_at` timestamp null) default character set utf8 collate utf8_unicode_ci)

/home/manuel/Code/scool/inventory_test/vendor/laravel/framework/src/Illuminate/Database/Connection.php:647
/home/manuel/Code/scool/inventory_test/vendor/laravel/framework/src/Illuminate/Database/Connection.php:607
/home/manuel/Code/scool/inventory_test/vendor/laravel/framework/src/Illuminate/Database/Connection.php:450
/home/manuel/Code/scool/inventory_test/vendor/laravel/framework/src/Illuminate/Database/Schema/Blueprint.php:83
/home/manuel/Code/scool/inventory_test/vendor/laravel/framework/src/Illuminate/Database/Schema/Builder.php:239
/home/manuel/Code/scool/inventory_test/vendor/laravel/framework/src/Illuminate/Database/Schema/Builder.php:164
/home/manuel/Code/scool/inventory_test/vendor/laravel/framework/src/Illuminate/Support/Facades/Facade.php:221
/home/manuel/Code/scool/inventory_test/database/migrations/2017_06_01_175449_create_migrations_table.php:34
/home/manuel/Code/scool/inventory_test/vendor/laravel/framework/src/Illuminate/Database/Migrations/Migrator.php:353
/home/manuel/Code/scool/inventory_test/vendor/laravel/framework/src/Illuminate/Database/Migrations/Migrator.php:359
/home/manuel/Code/scool/inventory_test/vendor/laravel/framework/src/Illuminate/Database/Migrations/Migrator.php:177
/home/manuel/Code/scool/inventory_test/vendor/laravel/framework/src/Illuminate/Database/Migrations/Migrator.php:146
/home/manuel/Code/scool/inventory_test/vendor/laravel/framework/src/Illuminate/Database/Migrations/Migrator.php:95
/home/manuel/Code/scool/inventory_test/vendor/laravel/framework/src/Illuminate/Database/Console/Migrations/MigrateCommand.php:69
/home/manuel/Code/scool/inventory_test/vendor/laravel/framework/src/Illuminate/Container/BoundMethod.php:29
/home/manuel/Code/scool/inventory_test/vendor/laravel/framework/src/Illuminate/Container/BoundMethod.php:87
/home/manuel/Code/scool/inventory_test/vendor/laravel/framework/src/Illuminate/Container/BoundMethod.php:31
/home/manuel/Code/scool/inventory_test/vendor/laravel/framework/src/Illuminate/Container/Container.php:539
/home/manuel/Code/scool/inventory_test/vendor/laravel/framework/src/Illuminate/Console/Command.php:182
/home/manuel/Code/scool/inventory_test/vendor/symfony/console/Command/Command.php:264
/home/manuel/Code/scool/inventory_test/vendor/laravel/framework/src/Illuminate/Console/Command.php:167
/home/manuel/Code/scool/inventory_test/vendor/symfony/console/Application.php:869
/home/manuel/Code/scool/inventory_test/vendor/symfony/console/Application.php:223
/home/manuel/Code/scool/inventory_test/vendor/symfony/console/Application.php:130
/home/manuel/Code/scool/inventory_test/vendor/laravel/framework/src/Illuminate/Console/Application.php:141
/home/manuel/Code/scool/inventory_test/vendor/laravel/framework/src/Illuminate/Foundation/Console/Kernel.php:220
/home/manuel/Code/scool/inventory_test/vendor/laravel/browser-kit-testing/src/Concerns/InteractsWithConsole.php:25
/home/manuel/Code/scool/inventory_test/vendor/laravel/framework/src/Illuminate/Foundation/Testing/DatabaseMigrations.php:16
/home/manuel/Code/scool/inventory_test/vendor/laravel/browser-kit-testing/src/TestCase.php:108
/home/manuel/Code/scool/inventory_test/vendor/laravel/browser-kit-testing/src/TestCase.php:73
/home/manuel/Code/scool/inventory_test/tests/AcachaAdminLTELaravelTest.php:22
</error>
        <system-out>
</system-out>
      </testcase>
      <testcase name="testLogin" class="Tests\AcachaAdminLTELaravelTest" file="/home/manuel/Code/scool/inventory_test/tests/AcachaAdminLTELaravelTest.php" line="80" assertions="0" time="0.018390">
        <error type="PHPUnit_Framework_ExceptionWrapper">Tests\AcachaAdminLTELaravelTest::testLogin
Illuminate\Database\QueryException: SQLSTATE[42S01]: Base table or view already exists: 1050 Table 'inventories' already exists (SQL: create table `inventories` (`id` int unsigned not null auto_increment primary key, `public_id` int not null, `name` varchar(80) not null, `description` varchar(120) not null, `material_type_id` int unsigned not null, `brand_id` int unsigned not null, `model_id` int unsigned not null, `location_id` int unsigned not null, `quantity` int not null, `price` double not null, `moneysourceId` int unsigned not null, `provider_id` int unsigned not null, `date_entrance` date not null, `last_update` date not null, `picture` varchar(60) not null, `created_at` timestamp null, `updated_at` timestamp null, `deleted_at` timestamp null) default character set utf8 collate utf8_unicode_ci)

/home/manuel/Code/scool/inventory_test/vendor/laravel/framework/src/Illuminate/Database/Connection.php:647
/home/manuel/Code/scool/inventory_test/vendor/laravel/framework/src/Illuminate/Database/Connection.php:607
/home/manuel/Code/scool/inventory_test/vendor/laravel/framework/src/Illuminate/Database/Connection.php:450
/home/manuel/Code/scool/inventory_test/vendor/laravel/framework/src/Illuminate/Database/Schema/Blueprint.php:83
/home/manuel/Code/scool/inventory_test/vendor/laravel/framework/src/Illuminate/Database/Schema/Builder.php:239
/home/manuel/Code/scool/inventory_test/vendor/laravel/framework/src/Illuminate/Database/Schema/Builder.php:164
/home/manuel/Code/scool/inventory_test/vendor/laravel/framework/src/Illuminate/Support/Facades/Facade.php:221
/home/manuel/Code/scool/inventory_test/database/migrations/2017_06_01_175449_create_migrations_table.php:34
/home/manuel/Code/scool/inventory_test/vendor/laravel/framework/src/Illuminate/Database/Migrations/Migrator.php:353
/home/manuel/Code/scool/inventory_test/vendor/laravel/framework/src/Illuminate/Database/Migrations/Migrator.php:359
/home/manuel/Code/scool/inventory_test/vendor/laravel/framework/src/Illuminate/Database/Migrations/Migrator.php:177
/home/manuel/Code/scool/inventory_test/vendor/laravel/framework/src/Illuminate/Database/Migrations/Migrator.php:146
/home/manuel/Code/scool/inventory_test/vendor/laravel/framework/src/Illuminate/Database/Migrations/Migrator.php:95
/home/manuel/Code/scool/inventory_test/vendor/laravel/framework/src/Illuminate/Database/Console/Migrations/MigrateCommand.php:69
/home/manuel/Code/scool/inventory_test/vendor/laravel/framework/src/Illuminate/Container/BoundMethod.php:29
/home/manuel/Code/scool/inventory_test/vendor/laravel/framework/src/Illuminate/Container/BoundMethod.php:87
/home/manuel/Code/scool/inventory_test/vendor/laravel/framework/src/Illuminate/Container/BoundMethod.php:31
/home/manuel/Code/scool/inventory_test/vendor/laravel/framework/src/Illuminate/Container/Container.php:539
/home/manuel/Code/scool/inventory_test/vendor/laravel/framework/src/Illuminate/Console/Command.php:182
/home/manuel/Code/scool/inventory_test/vendor/symfony/console/Command/Command.php:264
/home/manuel/Code/scool/inventory_test/vendor/laravel/framework/src/Illuminate/Console/Command.php:167
/home/manuel/Code/scool/inventory_test/vendor/symfony/console/Application.php:869
/home/manuel/Code/scool/inventory_test/vendor/symfony/console/Application.php:223
/home/manuel/Code/scool/inventory_test/vendor/symfony/console/Application.php:130
/home/manuel/Code/scool/inventory_test/vendor/laravel/framework/src/Illuminate/Console/Application.php:141
/home/manuel/Code/scool/inventory_test/vendor/laravel/framework/src/Illuminate/Foundation/Console/Kernel.php:220
/home/manuel/Code/scool/inventory_test/vendor/laravel/browser-kit-testing/src/Concerns/InteractsWithConsole.php:25
/home/manuel/Code/scool/inventory_test/vendor/laravel/framework/src/Illuminate/Foundation/Testing/DatabaseMigrations.php:16
/home/manuel/Code/scool/inventory_test/vendor/laravel/browser-kit-testing/src/TestCase.php:108
/home/manuel/Code/scool/inventory_test/vendor/laravel/browser-kit-testing/src/TestCase.php:73
/home/manuel/Code/scool/inventory_test/tests/AcachaAdminLTELaravelTest.php:22
</error>
        <system-out>
</system-out>
      </testcase>
      <testcase name="testLoginRequiredFields" class="Tests\AcachaAdminLTELaravelTest" file="/home/manuel/Code/scool/inventory_test/tests/AcachaAdminLTELaravelTest.php" line="100" assertions="0" time="0.030720">
        <error type="PHPUnit_Framework_ExceptionWrapper">Tests\AcachaAdminLTELaravelTest::testLoginRequiredFields
Illuminate\Database\QueryException: SQLSTATE[42S01]: Base table or view already exists: 1050 Table 'inventories' already exists (SQL: create table `inventories` (`id` int unsigned not null auto_increment primary key, `public_id` int not null, `name` varchar(80) not null, `description` varchar(120) not null, `material_type_id` int unsigned not null, `brand_id` int unsigned not null, `model_id` int unsigned not null, `location_id` int unsigned not null, `quantity` int not null, `price` double not null, `moneysourceId` int unsigned not null, `provider_id` int unsigned not null, `date_entrance` date not null, `last_update` date not null, `picture` varchar(60) not null, `created_at` timestamp null, `updated_at` timestamp null, `deleted_at` timestamp null) default character set utf8 collate utf8_unicode_ci)

/home/manuel/Code/scool/inventory_test/vendor/laravel/framework/src/Illuminate/Database/Connection.php:647
/home/manuel/Code/scool/inventory_test/vendor/laravel/framework/src/Illuminate/Database/Connection.php:607
/home/manuel/Code/scool/inventory_test/vendor/laravel/framework/src/Illuminate/Database/Connection.php:450
/home/manuel/Code/scool/inventory_test/vendor/laravel/framework/src/Illuminate/Database/Schema/Blueprint.php:83
/home/manuel/Code/scool/inventory_test/vendor/laravel/framework/src/Illuminate/Database/Schema/Builder.php:239
/home/manuel/Code/scool/inventory_test/vendor/laravel/framework/src/Illuminate/Database/Schema/Builder.php:164
/home/manuel/Code/scool/inventory_test/vendor/laravel/framework/src/Illuminate/Support/Facades/Facade.php:221
/home/manuel/Code/scool/inventory_test/database/migrations/2017_06_01_175449_create_migrations_table.php:34
/home/manuel/Code/scool/inventory_test/vendor/laravel/framework/src/Illuminate/Database/Migrations/Migrator.php:353
/home/manuel/Code/scool/inventory_test/vendor/laravel/framework/src/Illuminate/Database/Migrations/Migrator.php:359
/home/manuel/Code/scool/inventory_test/vendor/laravel/framework/src/Illuminate/Database/Migrations/Migrator.php:177
/home/manuel/Code/scool/inventory_test/vendor/laravel/framework/src/Illuminate/Database/Migrations/Migrator.php:146
/home/manuel/Code/scool/inventory_test/vendor/laravel/framework/src/Illuminate/Database/Migrations/Migrator.php:95
/home/manuel/Code/scool/inventory_test/vendor/laravel/framework/src/Illuminate/Database/Console/Migrations/MigrateCommand.php:69
/home/manuel/Code/scool/inventory_test/vendor/laravel/framework/src/Illuminate/Container/BoundMethod.php:29
/home/manuel/Code/scool/inventory_test/vendor/laravel/framework/src/Illuminate/Container/BoundMethod.php:87
/home/manuel/Code/scool/inventory_test/vendor/laravel/framework/src/Illuminate/Container/BoundMethod.php:31
/home/manuel/Code/scool/inventory_test/vendor/laravel/framework/src/Illuminate/Container/Container.php:539
/home/manuel/Code/scool/inventory_test/vendor/laravel/framework/src/Illuminate/Console/Command.php:182
/home/manuel/Code/scool/inventory_test/vendor/symfony/console/Command/Command.php:264
/home/manuel/Code/scool/inventory_test/vendor/laravel/framework/src/Illuminate/Console/Command.php:167
/home/manuel/Code/scool/inventory_test/vendor/symfony/console/Application.php:869
/home/manuel/Code/scool/inventory_test/vendor/symfony/console/Application.php:223
/home/manuel/Code/scool/inventory_test/vendor/symfony/console/Application.php:130
/home/manuel/Code/scool/inventory_test/vendor/laravel/framework/src/Illuminate/Console/Application.php:141
/home/manuel/Code/scool/inventory_test/vendor/laravel/framework/src/Illuminate/Foundation/Console/Kernel.php:220
/home/manuel/Code/scool/inventory_test/vendor/laravel/browser-kit-testing/src/Concerns/InteractsWithConsole.php:25
/home/manuel/Code/scool/inventory_test/vendor/laravel/framework/src/Illuminate/Foundation/Testing/DatabaseMigrations.php:16
/home/manuel/Code/scool/inventory_test/vendor/laravel/browser-kit-testing/src/TestCase.php:108
/home/manuel/Code/scool/inventory_test/vendor/laravel/browser-kit-testing/src/TestCase.php:73
/home/manuel/Code/scool/inventory_test/tests/AcachaAdminLTELaravelTest.php:22
</error>
        <system-out>
</system-out>
      </testcase>
      <testcase name="testRegisterPage" class="Tests\AcachaAdminLTELaravelTest" file="/home/manuel/Code/scool/inventory_test/tests/AcachaAdminLTELaravelTest.php" line="115" assertions="0" time="0.025041">
        <error type="PHPUnit_Framework_ExceptionWrapper">Tests\AcachaAdminLTELaravelTest::testRegisterPage
Illuminate\Database\QueryException: SQLSTATE[42S01]: Base table or view already exists: 1050 Table 'inventories' already exists (SQL: create table `inventories` (`id` int unsigned not null auto_increment primary key, `public_id` int not null, `name` varchar(80) not null, `description` varchar(120) not null, `material_type_id` int unsigned not null, `brand_id` int unsigned not null, `model_id` int unsigned not null, `location_id` int unsigned not null, `quantity` int not null, `price` double not null, `moneysourceId` int unsigned not null, `provider_id` int unsigned not null, `date_entrance` date not null, `last_update` date not null, `picture` varchar(60) not null, `created_at` timestamp null, `updated_at` timestamp null, `deleted_at` timestamp null) default character set utf8 collate utf8_unicode_ci)

/home/manuel/Code/scool/inventory_test/vendor/laravel/framework/src/Illuminate/Database/Connection.php:647
/home/manuel/Code/scool/inventory_test/vendor/laravel/framework/src/Illuminate/Database/Connection.php:607
/home/manuel/Code/scool/inventory_test/vendor/laravel/framework/src/Illuminate/Database/Connection.php:450
/home/manuel/Code/scool/inventory_test/vendor/laravel/framework/src/Illuminate/Database/Schema/Blueprint.php:83
/home/manuel/Code/scool/inventory_test/vendor/laravel/framework/src/Illuminate/Database/Schema/Builder.php:239
/home/manuel/Code/scool/inventory_test/vendor/laravel/framework/src/Illuminate/Database/Schema/Builder.php:164
/home/manuel/Code/scool/inventory_test/vendor/laravel/framework/src/Illuminate/Support/Facades/Facade.php:221
/home/manuel/Code/scool/inventory_test/database/migrations/2017_06_01_175449_create_migrations_table.php:34
/home/manuel/Code/scool/inventory_test/vendor/laravel/framework/src/Illuminate/Database/Migrations/Migrator.php:353
/home/manuel/Code/scool/inventory_test/vendor/laravel/framework/src/Illuminate/Database/Migrations/Migrator.php:359
/home/manuel/Code/scool/inventory_test/vendor/laravel/framework/src/Illuminate/Database/Migrations/Migrator.php:177
/home/manuel/Code/scool/inventory_test/vendor/laravel/framework/src/Illuminate/Database/Migrations/Migrator.php:146
/home/manuel/Code/scool/inventory_test/vendor/laravel/framework/src/Illuminate/Database/Migrations/Migrator.php:95
/home/manuel/Code/scool/inventory_test/vendor/laravel/framework/src/Illuminate/Database/Console/Migrations/MigrateCommand.php:69
/home/manuel/Code/scool/inventory_test/vendor/laravel/framework/src/Illuminate/Container/BoundMethod.php:29
/home/manuel/Code/scool/inventory_test/vendor/laravel/framework/src/Illuminate/Container/BoundMethod.php:87
/home/manuel/Code/scool/inventory_test/vendor/laravel/framework/src/Illuminate/Container/BoundMethod.php:31
/home/manuel/Code/scool/inventory_test/vendor/laravel/framework/src/Illuminate/Container/Container.php:539
/home/manuel/Code/scool/inventory_test/vendor/laravel/framework/src/Illuminate/Console/Command.php:182
/home/manuel/Code/scool/inventory_test/vendor/symfony/console/Command/Command.php:264
/home/manuel/Code/scool/inventory_test/vendor/laravel/framework/src/Illuminate/Console/Command.php:167
/home/manuel/Code/scool/inventory_test/vendor/symfony/console/Application.php:869
/home/manuel/Code/scool/inventory_test/vendor/symfony/console/Application.php:223
/home/manuel/Code/scool/inventory_test/vendor/symfony/console/Application.php:130
/home/manuel/Code/scool/inventory_test/vendor/laravel/framework/src/Illuminate/Console/Application.php:141
/home/manuel/Code/scool/inventory_test/vendor/laravel/framework/src/Illuminate/Foundation/Console/Kernel.php:220
/home/manuel/Code/scool/inventory_test/vendor/laravel/browser-kit-testing/src/Concerns/InteractsWithConsole.php:25
/home/manuel/Code/scool/inventory_test/vendor/laravel/framework/src/Illuminate/Foundation/Testing/DatabaseMigrations.php:16
/home/manuel/Code/scool/inventory_test/vendor/laravel/browser-kit-testing/src/TestCase.php:108
/home/manuel/Code/scool/inventory_test/vendor/laravel/browser-kit-testing/src/TestCase.php:73
/home/manuel/Code/scool/inventory_test/tests/AcachaAdminLTELaravelTest.php:22
</error>
        <system-out>
</system-out>
      </testcase>
      <testcase name="testPasswordResetPage" class="Tests\AcachaAdminLTELaravelTest" file="/home/manuel/Code/scool/inventory_test/tests/AcachaAdminLTELaravelTest.php" line="126" assertions="0" time="0.026167">
        <error type="PHPUnit_Framework_ExceptionWrapper">Tests\AcachaAdminLTELaravelTest::testPasswordResetPage
Illuminate\Database\QueryException: SQLSTATE[42S01]: Base table or view already exists: 1050 Table 'inventories' already exists (SQL: create table `inventories` (`id` int unsigned not null auto_increment primary key, `public_id` int not null, `name` varchar(80) not null, `description` varchar(120) not null, `material_type_id` int unsigned not null, `brand_id` int unsigned not null, `model_id` int unsigned not null, `location_id` int unsigned not null, `quantity` int not null, `price` double not null, `moneysourceId` int unsigned not null, `provider_id` int unsigned not null, `date_entrance` date not null, `last_update` date not null, `picture` varchar(60) not null, `created_at` timestamp null, `updated_at` timestamp null, `deleted_at` timestamp null) default character set utf8 collate utf8_unicode_ci)

/home/manuel/Code/scool/inventory_test/vendor/laravel/framework/src/Illuminate/Database/Connection.php:647
/home/manuel/Code/scool/inventory_test/vendor/laravel/framework/src/Illuminate/Database/Connection.php:607
/home/manuel/Code/scool/inventory_test/vendor/laravel/framework/src/Illuminate/Database/Connection.php:450
/home/manuel/Code/scool/inventory_test/vendor/laravel/framework/src/Illuminate/Database/Schema/Blueprint.php:83
/home/manuel/Code/scool/inventory_test/vendor/laravel/framework/src/Illuminate/Database/Schema/Builder.php:239
/home/manuel/Code/scool/inventory_test/vendor/laravel/framework/src/Illuminate/Database/Schema/Builder.php:164
/home/manuel/Code/scool/inventory_test/vendor/laravel/framework/src/Illuminate/Support/Facades/Facade.php:221
/home/manuel/Code/scool/inventory_test/database/migrations/2017_06_01_175449_create_migrations_table.php:34
/home/manuel/Code/scool/inventory_test/vendor/laravel/framework/src/Illuminate/Database/Migrations/Migrator.php:353
/home/manuel/Code/scool/inventory_test/vendor/laravel/framework/src/Illuminate/Database/Migrations/Migrator.php:359
/home/manuel/Code/scool/inventory_test/vendor/laravel/framework/src/Illuminate/Database/Migrations/Migrator.php:177
/home/manuel/Code/scool/inventory_test/vendor/laravel/framework/src/Illuminate/Database/Migrations/Migrator.php:146
/home/manuel/Code/scool/inventory_test/vendor/laravel/framework/src/Illuminate/Database/Migrations/Migrator.php:95
/home/manuel/Code/scool/inventory_test/vendor/laravel/framework/src/Illuminate/Database/Console/Migrations/MigrateCommand.php:69
/home/manuel/Code/scool/inventory_test/vendor/laravel/framework/src/Illuminate/Container/BoundMethod.php:29
/home/manuel/Code/scool/inventory_test/vendor/laravel/framework/src/Illuminate/Container/BoundMethod.php:87
/home/manuel/Code/scool/inventory_test/vendor/laravel/framework/src/Illuminate/Container/BoundMethod.php:31
/home/manuel/Code/scool/inventory_test/vendor/laravel/framework/src/Illuminate/Container/Container.php:539
/home/manuel/Code/scool/inventory_test/vendor/laravel/framework/src/Illuminate/Console/Command.php:182
/home/manuel/Code/scool/inventory_test/vendor/symfony/console/Command/Command.php:264
/home/manuel/Code/scool/inventory_test/vendor/laravel/framework/src/Illuminate/Console/Command.php:167
/home/manuel/Code/scool/inventory_test/vendor/symfony/console/Application.php:869
/home/manuel/Code/scool/inventory_test/vendor/symfony/console/Application.php:223
/home/manuel/Code/scool/inventory_test/vendor/symfony/console/Application.php:130
/home/manuel/Code/scool/inventory_test/vendor/laravel/framework/src/Illuminate/Console/Application.php:141
/home/manuel/Code/scool/inventory_test/vendor/laravel/framework/src/Illuminate/Foundation/Console/Kernel.php:220
/home/manuel/Code/scool/inventory_test/vendor/laravel/browser-kit-testing/src/Concerns/InteractsWithConsole.php:25
/home/manuel/Code/scool/inventory_test/vendor/laravel/framework/src/Illuminate/Foundation/Testing/DatabaseMigrations.php:16
/home/manuel/Code/scool/inventory_test/vendor/laravel/browser-kit-testing/src/TestCase.php:108
/home/manuel/Code/scool/inventory_test/vendor/laravel/browser-kit-testing/src/TestCase.php:73
/home/manuel/Code/scool/inventory_test/tests/AcachaAdminLTELaravelTest.php:22
</error>
        <system-out>
</system-out>
      </testcase>
      <testcase name="testHomePageForUnauthenticatedUsers" class="Tests\AcachaAdminLTELaravelTest" file="/home/manuel/Code/scool/inventory_test/tests/AcachaAdminLTELaravelTest.php" line="137" assertions="0" time="0.021654">
        <error type="PHPUnit_Framework_ExceptionWrapper">Tests\AcachaAdminLTELaravelTest::testHomePageForUnauthenticatedUsers
Illuminate\Database\QueryException: SQLSTATE[42S01]: Base table or view already exists: 1050 Table 'inventories' already exists (SQL: create table `inventories` (`id` int unsigned not null auto_increment primary key, `public_id` int not null, `name` varchar(80) not null, `description` varchar(120) not null, `material_type_id` int unsigned not null, `brand_id` int unsigned not null, `model_id` int unsigned not null, `location_id` int unsigned not null, `quantity` int not null, `price` double not null, `moneysourceId` int unsigned not null, `provider_id` int unsigned not null, `date_entrance` date not null, `last_update` date not null, `picture` varchar(60) not null, `created_at` timestamp null, `updated_at` timestamp null, `deleted_at` timestamp null) default character set utf8 collate utf8_unicode_ci)

/home/manuel/Code/scool/inventory_test/vendor/laravel/framework/src/Illuminate/Database/Connection.php:647
/home/manuel/Code/scool/inventory_test/vendor/laravel/framework/src/Illuminate/Database/Connection.php:607
/home/manuel/Code/scool/inventory_test/vendor/laravel/framework/src/Illuminate/Database/Connection.php:450
/home/manuel/Code/scool/inventory_test/vendor/laravel/framework/src/Illuminate/Database/Schema/Blueprint.php:83
/home/manuel/Code/scool/inventory_test/vendor/laravel/framework/src/Illuminate/Database/Schema/Builder.php:239
/home/manuel/Code/scool/inventory_test/vendor/laravel/framework/src/Illuminate/Database/Schema/Builder.php:164
/home/manuel/Code/scool/inventory_test/vendor/laravel/framework/src/Illuminate/Support/Facades/Facade.php:221
/home/manuel/Code/scool/inventory_test/database/migrations/2017_06_01_175449_create_migrations_table.php:34
/home/manuel/Code/scool/inventory_test/vendor/laravel/framework/src/Illuminate/Database/Migrations/Migrator.php:353
/home/manuel/Code/scool/inventory_test/vendor/laravel/framework/src/Illuminate/Database/Migrations/Migrator.php:359
/home/manuel/Code/scool/inventory_test/vendor/laravel/framework/src/Illuminate/Database/Migrations/Migrator.php:177
/home/manuel/Code/scool/inventory_test/vendor/laravel/framework/src/Illuminate/Database/Migrations/Migrator.php:146
/home/manuel/Code/scool/inventory_test/vendor/laravel/framework/src/Illuminate/Database/Migrations/Migrator.php:95
/home/manuel/Code/scool/inventory_test/vendor/laravel/framework/src/Illuminate/Database/Console/Migrations/MigrateCommand.php:69
/home/manuel/Code/scool/inventory_test/vendor/laravel/framework/src/Illuminate/Container/BoundMethod.php:29
/home/manuel/Code/scool/inventory_test/vendor/laravel/framework/src/Illuminate/Container/BoundMethod.php:87
/home/manuel/Code/scool/inventory_test/vendor/laravel/framework/src/Illuminate/Container/BoundMethod.php:31
/home/manuel/Code/scool/inventory_test/vendor/laravel/framework/src/Illuminate/Container/Container.php:539
/home/manuel/Code/scool/inventory_test/vendor/laravel/framework/src/Illuminate/Console/Command.php:182
/home/manuel/Code/scool/inventory_test/vendor/symfony/console/Command/Command.php:264
/home/manuel/Code/scool/inventory_test/vendor/laravel/framework/src/Illuminate/Console/Command.php:167
/home/manuel/Code/scool/inventory_test/vendor/symfony/console/Application.php:869
/home/manuel/Code/scool/inventory_test/vendor/symfony/console/Application.php:223
/home/manuel/Code/scool/inventory_test/vendor/symfony/console/Application.php:130
/home/manuel/Code/scool/inventory_test/vendor/laravel/framework/src/Illuminate/Console/Application.php:141
/home/manuel/Code/scool/inventory_test/vendor/laravel/framework/src/Illuminate/Foundation/Console/Kernel.php:220
/home/manuel/Code/scool/inventory_test/vendor/laravel/browser-kit-testing/src/Concerns/InteractsWithConsole.php:25
/home/manuel/Code/scool/inventory_test/vendor/laravel/framework/src/Illuminate/Foundation/Testing/DatabaseMigrations.php:16
/home/manuel/Code/scool/inventory_test/vendor/laravel/browser-kit-testing/src/TestCase.php:108
/home/manuel/Code/scool/inventory_test/vendor/laravel/browser-kit-testing/src/TestCase.php:73
/home/manuel/Code/scool/inventory_test/tests/AcachaAdminLTELaravelTest.php:22
</error>
        <system-out>
</system-out>
      </testcase>
      <testcase name="testHomePageForAuthenticatedUsers" class="Tests\AcachaAdminLTELaravelTest" file="/home/manuel/Code/scool/inventory_test/tests/AcachaAdminLTELaravelTest.php" line="150" assertions="0" time="0.027813">
        <error type="PHPUnit_Framework_ExceptionWrapper">Tests\AcachaAdminLTELaravelTest::testHomePageForAuthenticatedUsers
Illuminate\Database\QueryException: SQLSTATE[42S01]: Base table or view already exists: 1050 Table 'inventories' already exists (SQL: create table `inventories` (`id` int unsigned not null auto_increment primary key, `public_id` int not null, `name` varchar(80) not null, `description` varchar(120) not null, `material_type_id` int unsigned not null, `brand_id` int unsigned not null, `model_id` int unsigned not null, `location_id` int unsigned not null, `quantity` int not null, `price` double not null, `moneysourceId` int unsigned not null, `provider_id` int unsigned not null, `date_entrance` date not null, `last_update` date not null, `picture` varchar(60) not null, `created_at` timestamp null, `updated_at` timestamp null, `deleted_at` timestamp null) default character set utf8 collate utf8_unicode_ci)

/home/manuel/Code/scool/inventory_test/vendor/laravel/framework/src/Illuminate/Database/Connection.php:647
/home/manuel/Code/scool/inventory_test/vendor/laravel/framework/src/Illuminate/Database/Connection.php:607
/home/manuel/Code/scool/inventory_test/vendor/laravel/framework/src/Illuminate/Database/Connection.php:450
/home/manuel/Code/scool/inventory_test/vendor/laravel/framework/src/Illuminate/Database/Schema/Blueprint.php:83
/home/manuel/Code/scool/inventory_test/vendor/laravel/framework/src/Illuminate/Database/Schema/Builder.php:239
/home/manuel/Code/scool/inventory_test/vendor/laravel/framework/src/Illuminate/Database/Schema/Builder.php:164
/home/manuel/Code/scool/inventory_test/vendor/laravel/framework/src/Illuminate/Support/Facades/Facade.php:221
/home/manuel/Code/scool/inventory_test/database/migrations/2017_06_01_175449_create_migrations_table.php:34
/home/manuel/Code/scool/inventory_test/vendor/laravel/framework/src/Illuminate/Database/Migrations/Migrator.php:353
/home/manuel/Code/scool/inventory_test/vendor/laravel/framework/src/Illuminate/Database/Migrations/Migrator.php:359
/home/manuel/Code/scool/inventory_test/vendor/laravel/framework/src/Illuminate/Database/Migrations/Migrator.php:177
/home/manuel/Code/scool/inventory_test/vendor/laravel/framework/src/Illuminate/Database/Migrations/Migrator.php:146
/home/manuel/Code/scool/inventory_test/vendor/laravel/framework/src/Illuminate/Database/Migrations/Migrator.php:95
/home/manuel/Code/scool/inventory_test/vendor/laravel/framework/src/Illuminate/Database/Console/Migrations/MigrateCommand.php:69
/home/manuel/Code/scool/inventory_test/vendor/laravel/framework/src/Illuminate/Container/BoundMethod.php:29
/home/manuel/Code/scool/inventory_test/vendor/laravel/framework/src/Illuminate/Container/BoundMethod.php:87
/home/manuel/Code/scool/inventory_test/vendor/laravel/framework/src/Illuminate/Container/BoundMethod.php:31
/home/manuel/Code/scool/inventory_test/vendor/laravel/framework/src/Illuminate/Container/Container.php:539
/home/manuel/Code/scool/inventory_test/vendor/laravel/framework/src/Illuminate/Console/Command.php:182
/home/manuel/Code/scool/inventory_test/vendor/symfony/console/Command/Command.php:264
/home/manuel/Code/scool/inventory_test/vendor/laravel/framework/src/Illuminate/Console/Command.php:167
/home/manuel/Code/scool/inventory_test/vendor/symfony/console/Application.php:869
/home/manuel/Code/scool/inventory_test/vendor/symfony/console/Application.php:223
/home/manuel/Code/scool/inventory_test/vendor/symfony/console/Application.php:130
/home/manuel/Code/scool/inventory_test/vendor/laravel/framework/src/Illuminate/Console/Application.php:141
/home/manuel/Code/scool/inventory_test/vendor/laravel/framework/src/Illuminate/Foundation/Console/Kernel.php:220
/home/manuel/Code/scool/inventory_test/vendor/laravel/browser-kit-testing/src/Concerns/InteractsWithConsole.php:25
/home/manuel/Code/scool/inventory_test/vendor/laravel/framework/src/Illuminate/Foundation/Testing/DatabaseMigrations.php:16
/home/manuel/Code/scool/inventory_test/vendor/laravel/browser-kit-testing/src/TestCase.php:108
/home/manuel/Code/scool/inventory_test/vendor/laravel/browser-kit-testing/src/TestCase.php:73
/home/manuel/Code/scool/inventory_test/tests/AcachaAdminLTELaravelTest.php:22
</error>
        <system-out>
</system-out>
      </testcase>
      <testcase name="testLogout" class="Tests\AcachaAdminLTELaravelTest" file="/home/manuel/Code/scool/inventory_test/tests/AcachaAdminLTELaravelTest.php" line="164" assertions="0" time="0.029392">
        <error type="PHPUnit_Framework_ExceptionWrapper">Tests\AcachaAdminLTELaravelTest::testLogout
Illuminate\Database\QueryException: SQLSTATE[42S01]: Base table or view already exists: 1050 Table 'inventories' already exists (SQL: create table `inventories` (`id` int unsigned not null auto_increment primary key, `public_id` int not null, `name` varchar(80) not null, `description` varchar(120) not null, `material_type_id` int unsigned not null, `brand_id` int unsigned not null, `model_id` int unsigned not null, `location_id` int unsigned not null, `quantity` int not null, `price` double not null, `moneysourceId` int unsigned not null, `provider_id` int unsigned not null, `date_entrance` date not null, `last_update` date not null, `picture` varchar(60) not null, `created_at` timestamp null, `updated_at` timestamp null, `deleted_at` timestamp null) default character set utf8 collate utf8_unicode_ci)

/home/manuel/Code/scool/inventory_test/vendor/laravel/framework/src/Illuminate/Database/Connection.php:647
/home/manuel/Code/scool/inventory_test/vendor/laravel/framework/src/Illuminate/Database/Connection.php:607
/home/manuel/Code/scool/inventory_test/vendor/laravel/framework/src/Illuminate/Database/Connection.php:450
/home/manuel/Code/scool/inventory_test/vendor/laravel/framework/src/Illuminate/Database/Schema/Blueprint.php:83
/home/manuel/Code/scool/inventory_test/vendor/laravel/framework/src/Illuminate/Database/Schema/Builder.php:239
/home/manuel/Code/scool/inventory_test/vendor/laravel/framework/src/Illuminate/Database/Schema/Builder.php:164
/home/manuel/Code/scool/inventory_test/vendor/laravel/framework/src/Illuminate/Support/Facades/Facade.php:221
/home/manuel/Code/scool/inventory_test/database/migrations/2017_06_01_175449_create_migrations_table.php:34
/home/manuel/Code/scool/inventory_test/vendor/laravel/framework/src/Illuminate/Database/Migrations/Migrator.php:353
/home/manuel/Code/scool/inventory_test/vendor/laravel/framework/src/Illuminate/Database/Migrations/Migrator.php:359
/home/manuel/Code/scool/inventory_test/vendor/laravel/framework/src/Illuminate/Database/Migrations/Migrator.php:177
/home/manuel/Code/scool/inventory_test/vendor/laravel/framework/src/Illuminate/Database/Migrations/Migrator.php:146
/home/manuel/Code/scool/inventory_test/vendor/laravel/framework/src/Illuminate/Database/Migrations/Migrator.php:95
/home/manuel/Code/scool/inventory_test/vendor/laravel/framework/src/Illuminate/Database/Console/Migrations/MigrateCommand.php:69
/home/manuel/Code/scool/inventory_test/vendor/laravel/framework/src/Illuminate/Container/BoundMethod.php:29
/home/manuel/Code/scool/inventory_test/vendor/laravel/framework/src/Illuminate/Container/BoundMethod.php:87
/home/manuel/Code/scool/inventory_test/vendor/laravel/framework/src/Illuminate/Container/BoundMethod.php:31
/home/manuel/Code/scool/inventory_test/vendor/laravel/framework/src/Illuminate/Container/Container.php:539
/home/manuel/Code/scool/inventory_test/vendor/laravel/framework/src/Illuminate/Console/Command.php:182
/home/manuel/Code/scool/inventory_test/vendor/symfony/console/Command/Command.php:264
/home/manuel/Code/scool/inventory_test/vendor/laravel/framework/src/Illuminate/Console/Command.php:167
/home/manuel/Code/scool/inventory_test/vendor/symfony/console/Application.php:869
/home/manuel/Code/scool/inventory_test/vendor/symfony/console/Application.php:223
/home/manuel/Code/scool/inventory_test/vendor/symfony/console/Application.php:130
/home/manuel/Code/scool/inventory_test/vendor/laravel/framework/src/Illuminate/Console/Application.php:141
/home/manuel/Code/scool/inventory_test/vendor/laravel/framework/src/Illuminate/Foundation/Console/Kernel.php:220
/home/manuel/Code/scool/inventory_test/vendor/laravel/browser-kit-testing/src/Concerns/InteractsWithConsole.php:25
/home/manuel/Code/scool/inventory_test/vendor/laravel/framework/src/Illuminate/Foundation/Testing/DatabaseMigrations.php:16
/home/manuel/Code/scool/inventory_test/vendor/laravel/browser-kit-testing/src/TestCase.php:108
/home/manuel/Code/scool/inventory_test/vendor/laravel/browser-kit-testing/src/TestCase.php:73
/home/manuel/Code/scool/inventory_test/tests/AcachaAdminLTELaravelTest.php:22
</error>
        <system-out>
</system-out>
      </testcase>
      <testcase name="test404Page" class="Tests\AcachaAdminLTELaravelTest" file="/home/manuel/Code/scool/inventory_test/tests/AcachaAdminLTELaravelTest.php" line="181" assertions="0" time="0.029171">
        <error type="PHPUnit_Framework_ExceptionWrapper">Tests\AcachaAdminLTELaravelTest::test404Page
Illuminate\Database\QueryException: SQLSTATE[42S01]: Base table or view already exists: 1050 Table 'inventories' already exists (SQL: create table `inventories` (`id` int unsigned not null auto_increment primary key, `public_id` int not null, `name` varchar(80) not null, `description` varchar(120) not null, `material_type_id` int unsigned not null, `brand_id` int unsigned not null, `model_id` int unsigned not null, `location_id` int unsigned not null, `quantity` int not null, `price` double not null, `moneysourceId` int unsigned not null, `provider_id` int unsigned not null, `date_entrance` date not null, `last_update` date not null, `picture` varchar(60) not null, `created_at` timestamp null, `updated_at` timestamp null, `deleted_at` timestamp null) default character set utf8 collate utf8_unicode_ci)

/home/manuel/Code/scool/inventory_test/vendor/laravel/framework/src/Illuminate/Database/Connection.php:647
/home/manuel/Code/scool/inventory_test/vendor/laravel/framework/src/Illuminate/Database/Connection.php:607
/home/manuel/Code/scool/inventory_test/vendor/laravel/framework/src/Illuminate/Database/Connection.php:450
/home/manuel/Code/scool/inventory_test/vendor/laravel/framework/src/Illuminate/Database/Schema/Blueprint.php:83
/home/manuel/Code/scool/inventory_test/vendor/laravel/framework/src/Illuminate/Database/Schema/Builder.php:239
/home/manuel/Code/scool/inventory_test/vendor/laravel/framework/src/Illuminate/Database/Schema/Builder.php:164
/home/manuel/Code/scool/inventory_test/vendor/laravel/framework/src/Illuminate/Support/Facades/Facade.php:221
/home/manuel/Code/scool/inventory_test/database/migrations/2017_06_01_175449_create_migrations_table.php:34
/home/manuel/Code/scool/inventory_test/vendor/laravel/framework/src/Illuminate/Database/Migrations/Migrator.php:353
/home/manuel/Code/scool/inventory_test/vendor/laravel/framework/src/Illuminate/Database/Migrations/Migrator.php:359
/home/manuel/Code/scool/inventory_test/vendor/laravel/framework/src/Illuminate/Database/Migrations/Migrator.php:177
/home/manuel/Code/scool/inventory_test/vendor/laravel/framework/src/Illuminate/Database/Migrations/Migrator.php:146
/home/manuel/Code/scool/inventory_test/vendor/laravel/framework/src/Illuminate/Database/Migrations/Migrator.php:95
/home/manuel/Code/scool/inventory_test/vendor/laravel/framework/src/Illuminate/Database/Console/Migrations/MigrateCommand.php:69
/home/manuel/Code/scool/inventory_test/vendor/laravel/framework/src/Illuminate/Container/BoundMethod.php:29
/home/manuel/Code/scool/inventory_test/vendor/laravel/framework/src/Illuminate/Container/BoundMethod.php:87
/home/manuel/Code/scool/inventory_test/vendor/laravel/framework/src/Illuminate/Container/BoundMethod.php:31
/home/manuel/Code/scool/inventory_test/vendor/laravel/framework/src/Illuminate/Container/Container.php:539
/home/manuel/Code/scool/inventory_test/vendor/laravel/framework/src/Illuminate/Console/Command.php:182
/home/manuel/Code/scool/inventory_test/vendor/symfony/console/Command/Command.php:264
/home/manuel/Code/scool/inventory_test/vendor/laravel/framework/src/Illuminate/Console/Command.php:167
/home/manuel/Code/scool/inventory_test/vendor/symfony/console/Application.php:869
/home/manuel/Code/scool/inventory_test/vendor/symfony/console/Application.php:223
/home/manuel/Code/scool/inventory_test/vendor/symfony/console/Application.php:130
/home/manuel/Code/scool/inventory_test/vendor/laravel/framework/src/Illuminate/Console/Application.php:141
/home/manuel/Code/scool/inventory_test/vendor/laravel/framework/src/Illuminate/Foundation/Console/Kernel.php:220
/home/manuel/Code/scool/inventory_test/vendor/laravel/browser-kit-testing/src/Concerns/InteractsWithConsole.php:25
/home/manuel/Code/scool/inventory_test/vendor/laravel/framework/src/Illuminate/Foundation/Testing/DatabaseMigrations.php:16
/home/manuel/Code/scool/inventory_test/vendor/laravel/browser-kit-testing/src/TestCase.php:108
/home/manuel/Code/scool/inventory_test/vendor/laravel/browser-kit-testing/src/TestCase.php:73
/home/manuel/Code/scool/inventory_test/tests/AcachaAdminLTELaravelTest.php:22
</error>
        <system-out>
</system-out>
      </testcase>
      <testcase name="testNewUserRegistration" class="Tests\AcachaAdminLTELaravelTest" file="/home/manuel/Code/scool/inventory_test/tests/AcachaAdminLTELaravelTest.php" line="193" assertions="0" time="0.028480">
        <error type="PHPUnit_Framework_ExceptionWrapper">Tests\AcachaAdminLTELaravelTest::testNewUserRegistration
Illuminate\Database\QueryException: SQLSTATE[42S01]: Base table or view already exists: 1050 Table 'inventories' already exists (SQL: create table `inventories` (`id` int unsigned not null auto_increment primary key, `public_id` int not null, `name` varchar(80) not null, `description` varchar(120) not null, `material_type_id` int unsigned not null, `brand_id` int unsigned not null, `model_id` int unsigned not null, `location_id` int unsigned not null, `quantity` int not null, `price` double not null, `moneysourceId` int unsigned not null, `provider_id` int unsigned not null, `date_entrance` date not null, `last_update` date not null, `picture` varchar(60) not null, `created_at` timestamp null, `updated_at` timestamp null, `deleted_at` timestamp null) default character set utf8 collate utf8_unicode_ci)

/home/manuel/Code/scool/inventory_test/vendor/laravel/framework/src/Illuminate/Database/Connection.php:647
/home/manuel/Code/scool/inventory_test/vendor/laravel/framework/src/Illuminate/Database/Connection.php:607
/home/manuel/Code/scool/inventory_test/vendor/laravel/framework/src/Illuminate/Database/Connection.php:450
/home/manuel/Code/scool/inventory_test/vendor/laravel/framework/src/Illuminate/Database/Schema/Blueprint.php:83
/home/manuel/Code/scool/inventory_test/vendor/laravel/framework/src/Illuminate/Database/Schema/Builder.php:239
/home/manuel/Code/scool/inventory_test/vendor/laravel/framework/src/Illuminate/Database/Schema/Builder.php:164
/home/manuel/Code/scool/inventory_test/vendor/laravel/framework/src/Illuminate/Support/Facades/Facade.php:221
/home/manuel/Code/scool/inventory_test/database/migrations/2017_06_01_175449_create_migrations_table.php:34
/home/manuel/Code/scool/inventory_test/vendor/laravel/framework/src/Illuminate/Database/Migrations/Migrator.php:353
/home/manuel/Code/scool/inventory_test/vendor/laravel/framework/src/Illuminate/Database/Migrations/Migrator.php:359
/home/manuel/Code/scool/inventory_test/vendor/laravel/framework/src/Illuminate/Database/Migrations/Migrator.php:177
/home/manuel/Code/scool/inventory_test/vendor/laravel/framework/src/Illuminate/Database/Migrations/Migrator.php:146
/home/manuel/Code/scool/inventory_test/vendor/laravel/framework/src/Illuminate/Database/Migrations/Migrator.php:95
/home/manuel/Code/scool/inventory_test/vendor/laravel/framework/src/Illuminate/Database/Console/Migrations/MigrateCommand.php:69
/home/manuel/Code/scool/inventory_test/vendor/laravel/framework/src/Illuminate/Container/BoundMethod.php:29
/home/manuel/Code/scool/inventory_test/vendor/laravel/framework/src/Illuminate/Container/BoundMethod.php:87
/home/manuel/Code/scool/inventory_test/vendor/laravel/framework/src/Illuminate/Container/BoundMethod.php:31
/home/manuel/Code/scool/inventory_test/vendor/laravel/framework/src/Illuminate/Container/Container.php:539
/home/manuel/Code/scool/inventory_test/vendor/laravel/framework/src/Illuminate/Console/Command.php:182
/home/manuel/Code/scool/inventory_test/vendor/symfony/console/Command/Command.php:264
/home/manuel/Code/scool/inventory_test/vendor/laravel/framework/src/Illuminate/Console/Command.php:167
/home/manuel/Code/scool/inventory_test/vendor/symfony/console/Application.php:869
/home/manuel/Code/scool/inventory_test/vendor/symfony/console/Application.php:223
/home/manuel/Code/scool/inventory_test/vendor/symfony/console/Application.php:130
/home/manuel/Code/scool/inventory_test/vendor/laravel/framework/src/Illuminate/Console/Application.php:141
/home/manuel/Code/scool/inventory_test/vendor/laravel/framework/src/Illuminate/Foundation/Console/Kernel.php:220
/home/manuel/Code/scool/inventory_test/vendor/laravel/browser-kit-testing/src/Concerns/InteractsWithConsole.php:25
/home/manuel/Code/scool/inventory_test/vendor/laravel/framework/src/Illuminate/Foundation/Testing/DatabaseMigrations.php:16
/home/manuel/Code/scool/inventory_test/vendor/laravel/browser-kit-testing/src/TestCase.php:108
/home/manuel/Code/scool/inventory_test/vendor/laravel/browser-kit-testing/src/TestCase.php:73
/home/manuel/Code/scool/inventory_test/tests/AcachaAdminLTELaravelTest.php:22
</error>
        <system-out>
</system-out>
      </testcase>
      <testcase name="testRequiredFieldsOnRegistrationPage" class="Tests\AcachaAdminLTELaravelTest" file="/home/manuel/Code/scool/inventory_test/tests/AcachaAdminLTELaravelTest.php" line="214" assertions="0" time="0.037978">
        <error type="PHPUnit_Framework_ExceptionWrapper">Tests\AcachaAdminLTELaravelTest::testRequiredFieldsOnRegistrationPage
Illuminate\Database\QueryException: SQLSTATE[42S01]: Base table or view already exists: 1050 Table 'inventories' already exists (SQL: create table `inventories` (`id` int unsigned not null auto_increment primary key, `public_id` int not null, `name` varchar(80) not null, `description` varchar(120) not null, `material_type_id` int unsigned not null, `brand_id` int unsigned not null, `model_id` int unsigned not null, `location_id` int unsigned not null, `quantity` int not null, `price` double not null, `moneysourceId` int unsigned not null, `provider_id` int unsigned not null, `date_entrance` date not null, `last_update` date not null, `picture` varchar(60) not null, `created_at` timestamp null, `updated_at` timestamp null, `deleted_at` timestamp null) default character set utf8 collate utf8_unicode_ci)

/home/manuel/Code/scool/inventory_test/vendor/laravel/framework/src/Illuminate/Database/Connection.php:647
/home/manuel/Code/scool/inventory_test/vendor/laravel/framework/src/Illuminate/Database/Connection.php:607
/home/manuel/Code/scool/inventory_test/vendor/laravel/framework/src/Illuminate/Database/Connection.php:450
/home/manuel/Code/scool/inventory_test/vendor/laravel/framework/src/Illuminate/Database/Schema/Blueprint.php:83
/home/manuel/Code/scool/inventory_test/vendor/laravel/framework/src/Illuminate/Database/Schema/Builder.php:239
/home/manuel/Code/scool/inventory_test/vendor/laravel/framework/src/Illuminate/Database/Schema/Builder.php:164
/home/manuel/Code/scool/inventory_test/vendor/laravel/framework/src/Illuminate/Support/Facades/Facade.php:221
/home/manuel/Code/scool/inventory_test/database/migrations/2017_06_01_175449_create_migrations_table.php:34
/home/manuel/Code/scool/inventory_test/vendor/laravel/framework/src/Illuminate/Database/Migrations/Migrator.php:353
/home/manuel/Code/scool/inventory_test/vendor/laravel/framework/src/Illuminate/Database/Migrations/Migrator.php:359
/home/manuel/Code/scool/inventory_test/vendor/laravel/framework/src/Illuminate/Database/Migrations/Migrator.php:177
/home/manuel/Code/scool/inventory_test/vendor/laravel/framework/src/Illuminate/Database/Migrations/Migrator.php:146
/home/manuel/Code/scool/inventory_test/vendor/laravel/framework/src/Illuminate/Database/Migrations/Migrator.php:95
/home/manuel/Code/scool/inventory_test/vendor/laravel/framework/src/Illuminate/Database/Console/Migrations/MigrateCommand.php:69
/home/manuel/Code/scool/inventory_test/vendor/laravel/framework/src/Illuminate/Container/BoundMethod.php:29
/home/manuel/Code/scool/inventory_test/vendor/laravel/framework/src/Illuminate/Container/BoundMethod.php:87
/home/manuel/Code/scool/inventory_test/vendor/laravel/framework/src/Illuminate/Container/BoundMethod.php:31
/home/manuel/Code/scool/inventory_test/vendor/laravel/framework/src/Illuminate/Container/Container.php:539
/home/manuel/Code/scool/inventory_test/vendor/laravel/framework/src/Illuminate/Console/Command.php:182
/home/manuel/Code/scool/inventory_test/vendor/symfony/console/Command/Command.php:264
/home/manuel/Code/scool/inventory_test/vendor/laravel/framework/src/Illuminate/Console/Command.php:167
/home/manuel/Code/scool/inventory_test/vendor/symfony/console/Application.php:869
/home/manuel/Code/scool/inventory_test/vendor/symfony/console/Application.php:223
/home/manuel/Code/scool/inventory_test/vendor/symfony/console/Application.php:130
/home/manuel/Code/scool/inventory_test/vendor/laravel/framework/src/Illuminate/Console/Application.php:141
/home/manuel/Code/scool/inventory_test/vendor/laravel/framework/src/Illuminate/Foundation/Console/Kernel.php:220
/home/manuel/Code/scool/inventory_test/vendor/laravel/browser-kit-testing/src/Concerns/InteractsWithConsole.php:25
/home/manuel/Code/scool/inventory_test/vendor/laravel/framework/src/Illuminate/Foundation/Testing/DatabaseMigrations.php:16
/home/manuel/Code/scool/inventory_test/vendor/laravel/browser-kit-testing/src/TestCase.php:108
/home/manuel/Code/scool/inventory_test/vendor/laravel/browser-kit-testing/src/TestCase.php:73
/home/manuel/Code/scool/inventory_test/tests/AcachaAdminLTELaravelTest.php:22
</error>
        <system-out>
</system-out>
      </testcase>
      <testcase name="testSendPasswordReset" class="Tests\AcachaAdminLTELaravelTest" file="/home/manuel/Code/scool/inventory_test/tests/AcachaAdminLTELaravelTest.php" line="228" assertions="0" time="0.031806">
        <error type="PHPUnit_Framework_ExceptionWrapper">Tests\AcachaAdminLTELaravelTest::testSendPasswordReset
Illuminate\Database\QueryException: SQLSTATE[42S01]: Base table or view already exists: 1050 Table 'inventories' already exists (SQL: create table `inventories` (`id` int unsigned not null auto_increment primary key, `public_id` int not null, `name` varchar(80) not null, `description` varchar(120) not null, `material_type_id` int unsigned not null, `brand_id` int unsigned not null, `model_id` int unsigned not null, `location_id` int unsigned not null, `quantity` int not null, `price` double not null, `moneysourceId` int unsigned not null, `provider_id` int unsigned not null, `date_entrance` date not null, `last_update` date not null, `picture` varchar(60) not null, `created_at` timestamp null, `updated_at` timestamp null, `deleted_at` timestamp null) default character set utf8 collate utf8_unicode_ci)

/home/manuel/Code/scool/inventory_test/vendor/laravel/framework/src/Illuminate/Database/Connection.php:647
/home/manuel/Code/scool/inventory_test/vendor/laravel/framework/src/Illuminate/Database/Connection.php:607
/home/manuel/Code/scool/inventory_test/vendor/laravel/framework/src/Illuminate/Database/Connection.php:450
/home/manuel/Code/scool/inventory_test/vendor/laravel/framework/src/Illuminate/Database/Schema/Blueprint.php:83
/home/manuel/Code/scool/inventory_test/vendor/laravel/framework/src/Illuminate/Database/Schema/Builder.php:239
/home/manuel/Code/scool/inventory_test/vendor/laravel/framework/src/Illuminate/Database/Schema/Builder.php:164
/home/manuel/Code/scool/inventory_test/vendor/laravel/framework/src/Illuminate/Support/Facades/Facade.php:221
/home/manuel/Code/scool/inventory_test/database/migrations/2017_06_01_175449_create_migrations_table.php:34
/home/manuel/Code/scool/inventory_test/vendor/laravel/framework/src/Illuminate/Database/Migrations/Migrator.php:353
/home/manuel/Code/scool/inventory_test/vendor/laravel/framework/src/Illuminate/Database/Migrations/Migrator.php:359
/home/manuel/Code/scool/inventory_test/vendor/laravel/framework/src/Illuminate/Database/Migrations/Migrator.php:177
/home/manuel/Code/scool/inventory_test/vendor/laravel/framework/src/Illuminate/Database/Migrations/Migrator.php:146
/home/manuel/Code/scool/inventory_test/vendor/laravel/framework/src/Illuminate/Database/Migrations/Migrator.php:95
/home/manuel/Code/scool/inventory_test/vendor/laravel/framework/src/Illuminate/Database/Console/Migrations/MigrateCommand.php:69
/home/manuel/Code/scool/inventory_test/vendor/laravel/framework/src/Illuminate/Container/BoundMethod.php:29
/home/manuel/Code/scool/inventory_test/vendor/laravel/framework/src/Illuminate/Container/BoundMethod.php:87
/home/manuel/Code/scool/inventory_test/vendor/laravel/framework/src/Illuminate/Container/BoundMethod.php:31
/home/manuel/Code/scool/inventory_test/vendor/laravel/framework/src/Illuminate/Container/Container.php:539
/home/manuel/Code/scool/inventory_test/vendor/laravel/framework/src/Illuminate/Console/Command.php:182
/home/manuel/Code/scool/inventory_test/vendor/symfony/console/Command/Command.php:264
/home/manuel/Code/scool/inventory_test/vendor/laravel/framework/src/Illuminate/Console/Command.php:167
/home/manuel/Code/scool/inventory_test/vendor/symfony/console/Application.php:869
/home/manuel/Code/scool/inventory_test/vendor/symfony/console/Application.php:223
/home/manuel/Code/scool/inventory_test/vendor/symfony/console/Application.php:130
/home/manuel/Code/scool/inventory_test/vendor/laravel/framework/src/Illuminate/Console/Application.php:141
/home/manuel/Code/scool/inventory_test/vendor/laravel/framework/src/Illuminate/Foundation/Console/Kernel.php:220
/home/manuel/Code/scool/inventory_test/vendor/laravel/browser-kit-testing/src/Concerns/InteractsWithConsole.php:25
/home/manuel/Code/scool/inventory_test/vendor/laravel/framework/src/Illuminate/Foundation/Testing/DatabaseMigrations.php:16
/home/manuel/Code/scool/inventory_test/vendor/laravel/browser-kit-testing/src/TestCase.php:108
/home/manuel/Code/scool/inventory_test/vendor/laravel/browser-kit-testing/src/TestCase.php:73
/home/manuel/Code/scool/inventory_test/tests/AcachaAdminLTELaravelTest.php:22
</error>
        <system-out>
</system-out>
      </testcase>
      <testcase name="testSendPasswordResetUserNotExists" class="Tests\AcachaAdminLTELaravelTest" file="/home/manuel/Code/scool/inventory_test/tests/AcachaAdminLTELaravelTest.php" line="243" assertions="0" time="0.037562">
        <error type="PHPUnit_Framework_ExceptionWrapper">Tests\AcachaAdminLTELaravelTest::testSendPasswordResetUserNotExists
Illuminate\Database\QueryException: SQLSTATE[42S01]: Base table or view already exists: 1050 Table 'inventories' already exists (SQL: create table `inventories` (`id` int unsigned not null auto_increment primary key, `public_id` int not null, `name` varchar(80) not null, `description` varchar(120) not null, `material_type_id` int unsigned not null, `brand_id` int unsigned not null, `model_id` int unsigned not null, `location_id` int unsigned not null, `quantity` int not null, `price` double not null, `moneysourceId` int unsigned not null, `provider_id` int unsigned not null, `date_entrance` date not null, `last_update` date not null, `picture` varchar(60) not null, `created_at` timestamp null, `updated_at` timestamp null, `deleted_at` timestamp null) default character set utf8 collate utf8_unicode_ci)

/home/manuel/Code/scool/inventory_test/vendor/laravel/framework/src/Illuminate/Database/Connection.php:647
/home/manuel/Code/scool/inventory_test/vendor/laravel/framework/src/Illuminate/Database/Connection.php:607
/home/manuel/Code/scool/inventory_test/vendor/laravel/framework/src/Illuminate/Database/Connection.php:450
/home/manuel/Code/scool/inventory_test/vendor/laravel/framework/src/Illuminate/Database/Schema/Blueprint.php:83
/home/manuel/Code/scool/inventory_test/vendor/laravel/framework/src/Illuminate/Database/Schema/Builder.php:239
/home/manuel/Code/scool/inventory_test/vendor/laravel/framework/src/Illuminate/Database/Schema/Builder.php:164
/home/manuel/Code/scool/inventory_test/vendor/laravel/framework/src/Illuminate/Support/Facades/Facade.php:221
/home/manuel/Code/scool/inventory_test/database/migrations/2017_06_01_175449_create_migrations_table.php:34
/home/manuel/Code/scool/inventory_test/vendor/laravel/framework/src/Illuminate/Database/Migrations/Migrator.php:353
/home/manuel/Code/scool/inventory_test/vendor/laravel/framework/src/Illuminate/Database/Migrations/Migrator.php:359
/home/manuel/Code/scool/inventory_test/vendor/laravel/framework/src/Illuminate/Database/Migrations/Migrator.php:177
/home/manuel/Code/scool/inventory_test/vendor/laravel/framework/src/Illuminate/Database/Migrations/Migrator.php:146
/home/manuel/Code/scool/inventory_test/vendor/laravel/framework/src/Illuminate/Database/Migrations/Migrator.php:95
/home/manuel/Code/scool/inventory_test/vendor/laravel/framework/src/Illuminate/Database/Console/Migrations/MigrateCommand.php:69
/home/manuel/Code/scool/inventory_test/vendor/laravel/framework/src/Illuminate/Container/BoundMethod.php:29
/home/manuel/Code/scool/inventory_test/vendor/laravel/framework/src/Illuminate/Container/BoundMethod.php:87
/home/manuel/Code/scool/inventory_test/vendor/laravel/framework/src/Illuminate/Container/BoundMethod.php:31
/home/manuel/Code/scool/inventory_test/vendor/laravel/framework/src/Illuminate/Container/Container.php:539
/home/manuel/Code/scool/inventory_test/vendor/laravel/framework/src/Illuminate/Console/Command.php:182
/home/manuel/Code/scool/inventory_test/vendor/symfony/console/Command/Command.php:264
/home/manuel/Code/scool/inventory_test/vendor/laravel/framework/src/Illuminate/Console/Command.php:167
/home/manuel/Code/scool/inventory_test/vendor/symfony/console/Application.php:869
/home/manuel/Code/scool/inventory_test/vendor/symfony/console/Application.php:223
/home/manuel/Code/scool/inventory_test/vendor/symfony/console/Application.php:130
/home/manuel/Code/scool/inventory_test/vendor/laravel/framework/src/Illuminate/Console/Application.php:141
/home/manuel/Code/scool/inventory_test/vendor/laravel/framework/src/Illuminate/Foundation/Console/Kernel.php:220
/home/manuel/Code/scool/inventory_test/vendor/laravel/browser-kit-testing/src/Concerns/InteractsWithConsole.php:25
/home/manuel/Code/scool/inventory_test/vendor/laravel/framework/src/Illuminate/Foundation/Testing/DatabaseMigrations.php:16
/home/manuel/Code/scool/inventory_test/vendor/laravel/browser-kit-testing/src/TestCase.php:108
/home/manuel/Code/scool/inventory_test/vendor/laravel/browser-kit-testing/src/TestCase.php:73
/home/manuel/Code/scool/inventory_test/tests/AcachaAdminLTELaravelTest.php:22
</error>
        <system-out>
</system-out>
      </testcase>
      <testcase name="testMakeViewCommand" class="Tests\AcachaAdminLTELaravelTest" file="/home/manuel/Code/scool/inventory_test/tests/AcachaAdminLTELaravelTest.php" line="254" assertions="0" time="0.033888">
        <error type="PHPUnit_Framework_ExceptionWrapper">Tests\AcachaAdminLTELaravelTest::testMakeViewCommand
Illuminate\Database\QueryException: SQLSTATE[42S01]: Base table or view already exists: 1050 Table 'inventories' already exists (SQL: create table `inventories` (`id` int unsigned not null auto_increment primary key, `public_id` int not null, `name` varchar(80) not null, `description` varchar(120) not null, `material_type_id` int unsigned not null, `brand_id` int unsigned not null, `model_id` int unsigned not null, `location_id` int unsigned not null, `quantity` int not null, `price` double not null, `moneysourceId` int unsigned not null, `provider_id` int unsigned not null, `date_entrance` date not null, `last_update` date not null, `picture` varchar(60) not null, `created_at` timestamp null, `updated_at` timestamp null, `deleted_at` timestamp null) default character set utf8 collate utf8_unicode_ci)

/home/manuel/Code/scool/inventory_test/vendor/laravel/framework/src/Illuminate/Database/Connection.php:647
/home/manuel/Code/scool/inventory_test/vendor/laravel/framework/src/Illuminate/Database/Connection.php:607
/home/manuel/Code/scool/inventory_test/vendor/laravel/framework/src/Illuminate/Database/Connection.php:450
/home/manuel/Code/scool/inventory_test/vendor/laravel/framework/src/Illuminate/Database/Schema/Blueprint.php:83
/home/manuel/Code/scool/inventory_test/vendor/laravel/framework/src/Illuminate/Database/Schema/Builder.php:239
/home/manuel/Code/scool/inventory_test/vendor/laravel/framework/src/Illuminate/Database/Schema/Builder.php:164
/home/manuel/Code/scool/inventory_test/vendor/laravel/framework/src/Illuminate/Support/Facades/Facade.php:221
/home/manuel/Code/scool/inventory_test/database/migrations/2017_06_01_175449_create_migrations_table.php:34
/home/manuel/Code/scool/inventory_test/vendor/laravel/framework/src/Illuminate/Database/Migrations/Migrator.php:353
/home/manuel/Code/scool/inventory_test/vendor/laravel/framework/src/Illuminate/Database/Migrations/Migrator.php:359
/home/manuel/Code/scool/inventory_test/vendor/laravel/framework/src/Illuminate/Database/Migrations/Migrator.php:177
/home/manuel/Code/scool/inventory_test/vendor/laravel/framework/src/Illuminate/Database/Migrations/Migrator.php:146
/home/manuel/Code/scool/inventory_test/vendor/laravel/framework/src/Illuminate/Database/Migrations/Migrator.php:95
/home/manuel/Code/scool/inventory_test/vendor/laravel/framework/src/Illuminate/Database/Console/Migrations/MigrateCommand.php:69
/home/manuel/Code/scool/inventory_test/vendor/laravel/framework/src/Illuminate/Container/BoundMethod.php:29
/home/manuel/Code/scool/inventory_test/vendor/laravel/framework/src/Illuminate/Container/BoundMethod.php:87
/home/manuel/Code/scool/inventory_test/vendor/laravel/framework/src/Illuminate/Container/BoundMethod.php:31
/home/manuel/Code/scool/inventory_test/vendor/laravel/framework/src/Illuminate/Container/Container.php:539
/home/manuel/Code/scool/inventory_test/vendor/laravel/framework/src/Illuminate/Console/Command.php:182
/home/manuel/Code/scool/inventory_test/vendor/symfony/console/Command/Command.php:264
/home/manuel/Code/scool/inventory_test/vendor/laravel/framework/src/Illuminate/Console/Command.php:167
/home/manuel/Code/scool/inventory_test/vendor/symfony/console/Application.php:869
/home/manuel/Code/scool/inventory_test/vendor/symfony/console/Application.php:223
/home/manuel/Code/scool/inventory_test/vendor/symfony/console/Application.php:130
/home/manuel/Code/scool/inventory_test/vendor/laravel/framework/src/Illuminate/Console/Application.php:141
/home/manuel/Code/scool/inventory_test/vendor/laravel/framework/src/Illuminate/Foundation/Console/Kernel.php:220
/home/manuel/Code/scool/inventory_test/vendor/laravel/browser-kit-testing/src/Concerns/InteractsWithConsole.php:25
/home/manuel/Code/scool/inventory_test/vendor/laravel/framework/src/Illuminate/Foundation/Testing/DatabaseMigrations.php:16
/home/manuel/Code/scool/inventory_test/vendor/laravel/browser-kit-testing/src/TestCase.php:108
/home/manuel/Code/scool/inventory_test/vendor/laravel/browser-kit-testing/src/TestCase.php:73
/home/manuel/Code/scool/inventory_test/tests/AcachaAdminLTELaravelTest.php:22
</error>
        <system-out>
</system-out>
      </testcase>
      <testcase name="testAdminlteAdminCommand" class="Tests\AcachaAdminLTELaravelTest" file="/home/manuel/Code/scool/inventory_test/tests/AcachaAdminLTELaravelTest.php" line="288" assertions="0" time="0.034670">
        <error type="PHPUnit_Framework_ExceptionWrapper">Tests\AcachaAdminLTELaravelTest::testAdminlteAdminCommand
Illuminate\Database\QueryException: SQLSTATE[42S01]: Base table or view already exists: 1050 Table 'inventories' already exists (SQL: create table `inventories` (`id` int unsigned not null auto_increment primary key, `public_id` int not null, `name` varchar(80) not null, `description` varchar(120) not null, `material_type_id` int unsigned not null, `brand_id` int unsigned not null, `model_id` int unsigned not null, `location_id` int unsigned not null, `quantity` int not null, `price` double not null, `moneysourceId` int unsigned not null, `provider_id` int unsigned not null, `date_entrance` date not null, `last_update` date not null, `picture` varchar(60) not null, `created_at` timestamp null, `updated_at` timestamp null, `deleted_at` timestamp null) default character set utf8 collate utf8_unicode_ci)

/home/manuel/Code/scool/inventory_test/vendor/laravel/framework/src/Illuminate/Database/Connection.php:647
/home/manuel/Code/scool/inventory_test/vendor/laravel/framework/src/Illuminate/Database/Connection.php:607
/home/manuel/Code/scool/inventory_test/vendor/laravel/framework/src/Illuminate/Database/Connection.php:450
/home/manuel/Code/scool/inventory_test/vendor/laravel/framework/src/Illuminate/Database/Schema/Blueprint.php:83
/home/manuel/Code/scool/inventory_test/vendor/laravel/framework/src/Illuminate/Database/Schema/Builder.php:239
/home/manuel/Code/scool/inventory_test/vendor/laravel/framework/src/Illuminate/Database/Schema/Builder.php:164
/home/manuel/Code/scool/inventory_test/vendor/laravel/framework/src/Illuminate/Support/Facades/Facade.php:221
/home/manuel/Code/scool/inventory_test/database/migrations/2017_06_01_175449_create_migrations_table.php:34
/home/manuel/Code/scool/inventory_test/vendor/laravel/framework/src/Illuminate/Database/Migrations/Migrator.php:353
/home/manuel/Code/scool/inventory_test/vendor/laravel/framework/src/Illuminate/Database/Migrations/Migrator.php:359
/home/manuel/Code/scool/inventory_test/vendor/laravel/framework/src/Illuminate/Database/Migrations/Migrator.php:177
/home/manuel/Code/scool/inventory_test/vendor/laravel/framework/src/Illuminate/Database/Migrations/Migrator.php:146
/home/manuel/Code/scool/inventory_test/vendor/laravel/framework/src/Illuminate/Database/Migrations/Migrator.php:95
/home/manuel/Code/scool/inventory_test/vendor/laravel/framework/src/Illuminate/Database/Console/Migrations/MigrateCommand.php:69
/home/manuel/Code/scool/inventory_test/vendor/laravel/framework/src/Illuminate/Container/BoundMethod.php:29
/home/manuel/Code/scool/inventory_test/vendor/laravel/framework/src/Illuminate/Container/BoundMethod.php:87
/home/manuel/Code/scool/inventory_test/vendor/laravel/framework/src/Illuminate/Container/BoundMethod.php:31
/home/manuel/Code/scool/inventory_test/vendor/laravel/framework/src/Illuminate/Container/Container.php:539
/home/manuel/Code/scool/inventory_test/vendor/laravel/framework/src/Illuminate/Console/Command.php:182
/home/manuel/Code/scool/inventory_test/vendor/symfony/console/Command/Command.php:264
/home/manuel/Code/scool/inventory_test/vendor/laravel/framework/src/Illuminate/Console/Command.php:167
/home/manuel/Code/scool/inventory_test/vendor/symfony/console/Application.php:869
/home/manuel/Code/scool/inventory_test/vendor/symfony/console/Application.php:223
/home/manuel/Code/scool/inventory_test/vendor/symfony/console/Application.php:130
/home/manuel/Code/scool/inventory_test/vendor/laravel/framework/src/Illuminate/Console/Application.php:141
/home/manuel/Code/scool/inventory_test/vendor/laravel/framework/src/Illuminate/Foundation/Console/Kernel.php:220
/home/manuel/Code/scool/inventory_test/vendor/laravel/browser-kit-testing/src/Concerns/InteractsWithConsole.php:25
/home/manuel/Code/scool/inventory_test/vendor/laravel/framework/src/Illuminate/Foundation/Testing/DatabaseMigrations.php:16
/home/manuel/Code/scool/inventory_test/vendor/laravel/browser-kit-testing/src/TestCase.php:108
/home/manuel/Code/scool/inventory_test/vendor/laravel/browser-kit-testing/src/TestCase.php:73
/home/manuel/Code/scool/inventory_test/tests/AcachaAdminLTELaravelTest.php:22
</error>
        <system-out>
</system-out>
      </testcase>
    </testsuite>
    <testsuite name="Tests\FirstTest" file="/home/manuel/Code/scool/inventory_test/tests/FirstTest.php" tests="1" assertions="5" failures="0" errors="0" time="0.000379">
      <testcase name="testPushAndPop" class="Tests\FirstTest" file="/home/manuel/Code/scool/inventory_test/tests/FirstTest.php" line="7" assertions="5" time="0.000379"/>
    </testsuite>
  </testsuite>
</testsuites>
